2025-03-11 23:40:21 - Iniciando verificación de sanciones vencidas
2025-03-11 23:40:21 - Encontradas 0 sanciones vencidas
2025-03-11 23:40:21 - Verificación completada

2025-03-11 23:42:38 - Iniciando verificación de sanciones vencidas
2025-03-11 23:42:38 - Encontradas 1 sanciones vencidas
2025-03-11 23:42:38 - Procesando sanción ID: 6 | Vehículo ID: 2 | Fecha fin: 2025-03-11 11:11:49
2025-03-11 23:42:38 - Sanción ID 6 actualizada correctamente
2025-03-11 23:42:38 - Verificación completada

2025-03-12 05:43:41 - Iniciando verificación de sanciones vencidas
2025-03-12 05:43:41 - Encontradas 0 sanciones vencidas
2025-03-12 05:43:41 - Verificación completada

2025-03-12 05:44:36 - Iniciando verificación de sanciones vencidas
2025-03-12 05:44:36 - Encontradas 0 sanciones vencidas
2025-03-12 05:44:36 - Verificación completada

2025-03-12 05:44:40 - Iniciando verificación de sanciones vencidas
2025-03-12 05:44:40 - Encontradas 0 sanciones vencidas
2025-03-12 05:44:40 - Verificación completada

2025-03-11 23:54:11 - Iniciando verificación de sanciones vencidas
2025-03-11 23:54:11 - Encontradas 0 sanciones vencidas
2025-03-11 23:54:11 - Verificación completada

2025-03-11 23:54:16 - Iniciando verificación de sanciones vencidas
2025-03-11 23:54:16 - Encontradas 0 sanciones vencidas
2025-03-11 23:54:16 - Verificación completada

2025-03-11 23:54:18 - Iniciando verificación de sanciones vencidas
2025-03-11 23:54:18 - Encontradas 0 sanciones vencidas
2025-03-11 23:54:18 - Verificación completada

2025-03-11 23:54:20 - Iniciando verificación de sanciones vencidas
2025-03-11 23:54:20 - Encontradas 0 sanciones vencidas
2025-03-11 23:54:20 - Verificación completada

2025-03-11 23:54:21 - Iniciando verificación de sanciones vencidas
2025-03-11 23:54:21 - Encontradas 0 sanciones vencidas
2025-03-11 23:54:21 - Verificación completada

2025-03-11 23:54:22 - Iniciando verificación de sanciones vencidas
2025-03-11 23:54:22 - Encontradas 0 sanciones vencidas
2025-03-11 23:54:22 - Verificación completada

2025-03-11 23:54:23 - Iniciando verificación de sanciones vencidas
2025-03-11 23:54:23 - Encontradas 1 sanciones vencidas
2025-03-11 23:54:23 - Procesando sanción ID: 9 | Vehículo ID: 1 | Fecha fin: 2025-03-11 23:54:22
2025-03-11 23:54:23 - Sanción ID 9 actualizada correctamente
2025-03-11 23:54:23 - Verificación completada

2025-03-12 00:17:18 - Iniciando verificación de sanciones vencidas
2025-03-12 00:17:18 - Encontradas 0 sanciones vencidas
2025-03-12 00:17:18 - Verificación completada

2025-03-12 02:23:05 - Iniciando verificación de sanciones vencidas
2025-03-12 02:23:05 - Encontradas 0 sanciones vencidas
2025-03-12 02:23:05 - Verificación completada

2025-03-12 02:43:58 - Iniciando verificación de sanciones vencidas
2025-03-12 02:43:58 - Encontradas 0 sanciones vencidas
2025-03-12 02:43:58 - Verificación completada

2025-03-12 02:56:23 - Iniciando verificación de sanciones vencidas
2025-03-12 02:56:23 - Encontradas 0 sanciones vencidas
2025-03-12 02:56:23 - Verificación completada

2025-03-13 09:22:19 - Iniciando verificación de sanciones vencidas
2025-03-13 09:22:19 - Encontradas 1 sanciones vencidas
2025-03-13 09:22:19 - Procesando sanción ID: 8 | Vehículo ID: 2 | Fecha fin: 2025-03-12 05:46:17
2025-03-13 09:22:19 - Sanción ID 8 actualizada correctamente
2025-03-13 09:22:19 - Verificación completada

2025-03-13 09:23:20 - Iniciando verificación de sanciones vencidas
2025-03-13 09:23:20 - Encontradas 0 sanciones vencidas
2025-03-13 09:23:20 - Verificación completada

2025-03-13 09:23:30 - Iniciando verificación de sanciones vencidas
2025-03-13 09:23:30 - Encontradas 0 sanciones vencidas
2025-03-13 09:23:30 - Verificación completada

2025-03-13 09:23:59 - Iniciando verificación de sanciones vencidas
2025-03-13 09:23:59 - Encontradas 0 sanciones vencidas
2025-03-13 09:23:59 - Verificación completada

2025-03-13 09:25:13 - Iniciando verificación de sanciones vencidas
2025-03-13 09:25:13 - Encontradas 1 sanciones vencidas
2025-03-13 09:25:13 - Procesando sanción ID: 10 | Vehículo ID: 2 | Fecha fin: 2025-03-13 09:24:17
2025-03-13 09:25:13 - Sanción ID 10 actualizada correctamente
2025-03-13 09:25:13 - Verificación completada

2025-03-13 09:48:19 - Iniciando verificación de sanciones vencidas
2025-03-13 09:48:19 - Encontradas 0 sanciones vencidas
2025-03-13 09:48:19 - Verificación completada

2025-03-13 09:48:58 - Iniciando verificación de sanciones vencidas
2025-03-13 09:48:58 - Encontradas 0 sanciones vencidas
2025-03-13 09:48:58 - Verificación completada

2025-03-13 09:49:40 - Iniciando verificación de sanciones vencidas
2025-03-13 09:49:40 - Encontradas 0 sanciones vencidas
2025-03-13 09:49:40 - Verificación completada

2025-03-13 09:58:48 - Iniciando verificación de sanciones vencidas
2025-03-13 09:58:48 - Encontradas 0 sanciones vencidas
2025-03-13 09:58:48 - Verificación completada

2025-03-13 10:06:29 - Iniciando verificación de sanciones vencidas
2025-03-13 10:06:29 - Encontradas 0 sanciones vencidas
2025-03-13 10:06:29 - Verificación completada

2025-03-13 10:32:41 - Iniciando verificación de sanciones vencidas
2025-03-13 10:32:41 - Encontradas 0 sanciones vencidas
2025-03-13 10:32:41 - Verificación completada

2025-03-13 18:47:59 - Iniciando verificación de sanciones vencidas
2025-03-13 18:47:59 - Encontradas 0 sanciones vencidas
2025-03-13 18:47:59 - Verificación completada

2025-03-13 18:48:27 - Iniciando verificación de sanciones vencidas
2025-03-13 18:48:27 - Encontradas 0 sanciones vencidas
2025-03-13 18:48:27 - Verificación completada

2025-03-13 18:49:28 - Iniciando verificación de sanciones vencidas
2025-03-13 18:49:28 - Encontradas 0 sanciones vencidas
2025-03-13 18:49:28 - Verificación completada

2025-03-13 18:49:38 - Iniciando verificación de sanciones vencidas
2025-03-13 18:49:38 - Encontradas 0 sanciones vencidas
2025-03-13 18:49:38 - Verificación completada

2025-03-13 18:50:10 - Iniciando verificación de sanciones vencidas
2025-03-13 18:50:10 - Encontradas 1 sanciones vencidas
2025-03-13 18:50:10 - Procesando sanción ID: 13 | Vehículo ID: 6 | Fecha fin: 2025-03-13 18:49:53
2025-03-13 18:50:10 - Sanción ID 13 actualizada correctamente
2025-03-13 18:50:10 - Verificación completada

2025-03-13 18:54:26 - Iniciando verificación de sanciones vencidas
2025-03-13 18:54:26 - Encontradas 0 sanciones vencidas
2025-03-13 18:54:26 - Verificación completada

2025-03-13 18:54:31 - Iniciando verificación de sanciones vencidas
2025-03-13 18:54:31 - Encontradas 0 sanciones vencidas
2025-03-13 18:54:31 - Verificación completada

2025-03-15 10:30:41 - Iniciando verificación de sanciones vencidas
2025-03-15 10:30:41 - Encontradas 0 sanciones vencidas
2025-03-15 10:30:41 - Verificación completada

2025-03-15 10:44:42 - Iniciando verificación de sanciones vencidas
2025-03-15 10:44:42 - Encontradas 0 sanciones vencidas
2025-03-15 10:44:42 - Verificación completada

2025-03-15 10:44:58 - Iniciando verificación de sanciones vencidas
2025-03-15 10:44:58 - Encontradas 0 sanciones vencidas
2025-03-15 10:44:58 - Verificación completada

2025-03-15 10:45:10 - Iniciando verificación de sanciones vencidas
2025-03-15 10:45:10 - Encontradas 0 sanciones vencidas
2025-03-15 10:45:10 - Verificación completada

